[debug] [2026-07-13T18:00:05.963Z] ----------------------------------------------------------------------
[debug] [2026-07-13T18:00:05.968Z] Command:       C:\Program Files\nodejs\node.exe C:\Users\Global\AppData\Roaming\npm\node_modules\firebase-tools\lib\bin\firebase.js init
[debug] [2026-07-13T18:00:05.969Z] CLI Version:   15.23.0
[debug] [2026-07-13T18:00:05.969Z] Platform:      win32
[debug] [2026-07-13T18:00:05.969Z] Node Version:  v24.9.0
[debug] [2026-07-13T18:00:05.969Z] Detected Agent: unknown
[debug] [2026-07-13T18:00:05.970Z] Time:          Mon Jul 13 2026 23:00:05 GMT+0500 (Pakistan Standard Time)
[debug] [2026-07-13T18:00:05.970Z] ----------------------------------------------------------------------
[debug] 
[debug] [2026-07-13T18:00:05.987Z] >>> [apiv2][query] GET https://firebase-public.firebaseio.com/cli.json [none]
[info] 
     ######## #### ########  ######## ########     ###     ######  ########
     ##        ##  ##     ## ##       ##     ##  ##   ##  ##       ##
     ######    ##  ########  ######   ########  #########  ######  ######
     ##        ##  ##    ##  ##       ##     ## ##     ##       ## ##
     ##       #### ##     ## ######## ########  ##     ##  ######  ########

You're about to initialize a Firebase project in this directory:

  D:\Webix\bright-shine-nextjs-typescript\bright-shine-next

Before we get started, keep in mind:

  * You are initializing within an existing Firebase project directory

[debug] [2026-07-13T18:00:14.783Z] <<< [apiv2][status] GET https://firebase-public.firebaseio.com/cli.json 200
[debug] [2026-07-13T18:00:14.784Z] <<< [apiv2][body] GET https://firebase-public.firebaseio.com/cli.json {"cloudBuildErrorAfter":1594252800000,"cloudBuildWarnAfter":1590019200000,"defaultNode10After":1594252800000,"minVersion":"3.0.5","node8DeploysDisabledAfter":1613390400000,"node8RuntimeDisabledAfter":1615809600000,"node8WarnAfter":1600128000000}
[info] 
=== Project Setup
[info] 
[info] First, let's associate this project directory with a Firebase project.
[info] You can create multiple project aliases by running firebase use --add, 
[info] 
[debug] [2026-07-13T18:02:09.386Z] > command requires scopes: ["email","openid","https://www.googleapis.com/auth/cloudplatformprojects.readonly","https://www.googleapis.com/auth/firebase","https://www.googleapis.com/auth/cloud-platform"]
[debug] [2026-07-13T18:02:09.386Z] > authorizing via signed-in user (visawisservices@gmail.com)
[debug] [2026-07-13T18:02:09.389Z] Checked if tokens are valid: false, expires at: 1779860340760
[debug] [2026-07-13T18:02:09.389Z] Checked if tokens are valid: false, expires at: 1779860340760
[debug] [2026-07-13T18:02:09.389Z] > refreshing access token with scopes: []
[debug] [2026-07-13T18:02:09.391Z] >>> [apiv2][query] POST https://www.googleapis.com/oauth2/v3/token [none]
[debug] [2026-07-13T18:02:09.392Z] >>> [apiv2][body] POST https://www.googleapis.com/oauth2/v3/token [omitted]
[debug] [2026-07-13T18:02:09.820Z] <<< [apiv2][status] POST https://www.googleapis.com/oauth2/v3/token 200
[debug] [2026-07-13T18:02:09.820Z] <<< [apiv2][body] POST https://www.googleapis.com/oauth2/v3/token [omitted]
[debug] [2026-07-13T18:02:09.843Z] >>> [apiv2][query] GET https://firebase.googleapis.com/v1beta1/projects pageSize=100
[debug] [2026-07-13T18:02:10.678Z] <<< [apiv2][status] GET https://firebase.googleapis.com/v1beta1/projects 200
[debug] [2026-07-13T18:02:10.678Z] <<< [apiv2][body] GET https://firebase.googleapis.com/v1beta1/projects [omitted]
[debug] [2026-07-13T18:04:23.077Z] ExitPromptError: User force closed the prompt with SIGINT
    at Interface.sigint (C:\Users\Global\AppData\Roaming\npm\node_modules\firebase-tools\node_modules\@inquirer\core\dist\commonjs\lib\create-prompt.js:101:37)
    at Interface.emit (node:events:508:28)
    at [_ttyWrite] [as _ttyWrite] (node:internal/readline/interface:1317:18)
    at ReadStream.onkeypress (node:internal/readline/interface:284:20)
    at ReadStream.emit (node:events:520:35)
    at emitKeys (node:internal/readline/utils:371:14)
    at emitKeys.next (<anonymous>)
    at ReadStream.onData (node:internal/readline/emitKeypressEvents:64:36)
    at ReadStream.emit (node:events:508:28)
    at addChunk (node:internal/streams/readable:559:12)
[error] 
[error] Error: An unexpected error has occurred.
